Apr 24, 2025 12:38:54 PM pr2.a03.Date logMessage
SEVERE: falsches  Datum: 07.07.3009: year is out of scope [0..3000]
Apr 24, 2025 12:38:54 PM pr2.a03.Date logMessage
SEVERE: falsches  Datum: 31.04.2009: day is out of scope[1..30]
Apr 24, 2025 12:38:54 PM pr2.a03.Date logMessage
SEVERE: falsches  Datum: 30.02.2009: day is out of scope[1..28]
Apr 24, 2025 12:38:54 PM pr2.a03.Date logMessage
SEVERE: falsches  Datum: 15.13.2009: month is out of scope [1..12]
Apr 24, 2025 12:38:54 PM pr2.a03.Date logMessage
SEVERE: falsches  Datum: 00.01.2009: day is out of scope[1..31]
Apr 24, 2025 12:39:50 PM pr2.a03.Date logMessage
SEVERE: falsches  Datum: 41.10.3001: year is out of scope [0..3000]
Apr 24, 2025 12:39:50 PM pr2.a03.Date logMessage
SEVERE: falsches  Datum: 07.07.3009: year is out of scope [0..3000]
Apr 24, 2025 12:39:50 PM pr2.a03.Date logMessage
SEVERE: falsches  Datum: 31.04.2009: day is out of scope[1..30]
Apr 24, 2025 12:39:50 PM pr2.a03.Date logMessage
SEVERE: falsches  Datum: 30.02.2009: day is out of scope[1..28]
Apr 24, 2025 12:39:50 PM pr2.a03.Date logMessage
SEVERE: falsches  Datum: 15.13.2009: month is out of scope [1..12]
Apr 24, 2025 12:39:50 PM pr2.a03.Date logMessage
SEVERE: falsches  Datum: 00.01.2009: day is out of scope[1..31]
Apr 24, 2025 12:39:59 PM pr2.a03.Date logMessage
SEVERE: falsches  Datum: 41.10.3001: year is out of scope [0..3000]
Apr 24, 2025 12:39:59 PM pr2.a03.Date logMessage
SEVERE: falsches  Datum: 07.07.3009: year is out of scope [0..3000]
Apr 24, 2025 12:39:59 PM pr2.a03.Date logMessage
SEVERE: falsches  Datum: 31.04.2009: day is out of scope[1..30]
Apr 24, 2025 12:39:59 PM pr2.a03.Date logMessage
SEVERE: falsches  Datum: 30.02.2009: day is out of scope[1..28]
Apr 24, 2025 12:39:59 PM pr2.a03.Date logMessage
SEVERE: falsches  Datum: 15.13.2009: month is out of scope [1..12]
Apr 24, 2025 12:39:59 PM pr2.a03.Date logMessage
SEVERE: falsches  Datum: 00.01.2009: day is out of scope[1..31]
Apr 24, 2025 12:41:41 PM pr2.a04.Date logMessage
SEVERE: falsches  Datum: 41.10.3001: year is out of scope [0..3000], , day is out of scope[1..31]
Apr 24, 2025 12:41:42 PM pr2.a04.Date logMessage
SEVERE: falsches  Datum: 07.07.3009: year is out of scope [0..3000], , 
Apr 24, 2025 12:41:42 PM pr2.a04.Date logMessage
SEVERE: falsches  Datum: 31.04.2009: day is out of scope[1..31]
Apr 24, 2025 12:41:42 PM pr2.a04.Date logMessage
SEVERE: falsches  Datum: 30.02.2009: day is out of scope[1..31]
Apr 24, 2025 12:46:59 PM pr2.a04.Date logMessage
SEVERE: falsches  Datum: 41.10.3001: year is out of scope [0..3000], , day is out of scope[1..31]
Apr 24, 2025 12:46:59 PM pr2.a04.Date logMessage
SEVERE: falsches  Datum: 07.07.3009: year is out of scope [0..3000], , 
Apr 24, 2025 12:46:59 PM pr2.a04.Date logMessage
SEVERE: falsches  Datum: 31.04.2009: day is out of scope[1..31]
Apr 24, 2025 12:46:59 PM pr2.a04.Date logMessage
SEVERE: falsches  Datum: 30.02.2009: day is out of scope[1..31]
Apr 24, 2025 1:12:43 PM pr2.a04.Date logMessage
SEVERE: falsches  Datum: 41.10.3001: year is out of scope [0..3000], , day is out of scope[1..31]
Apr 24, 2025 1:12:43 PM pr2.a04.Date logMessage
SEVERE: falsches  Datum: 07.07.3009: year is out of scope [0..3000], , 
Apr 24, 2025 1:12:43 PM pr2.a04.Date logMessage
SEVERE: falsches  Datum: 31.04.2009: day is out of scope[1..31]
Apr 24, 2025 1:12:43 PM pr2.a04.Date logMessage
SEVERE: falsches  Datum: 30.02.2009: day is out of scope[1..31]
Apr 24, 2025 1:14:47 PM pr2.a04.Date logMessage
SEVERE: falsches  Datum: 41.10.3001: year is out of scope [0..3000], , day is out of scope[1..31]
Apr 24, 2025 1:14:47 PM pr2.a04.Date logMessage
SEVERE: falsches  Datum: 07.07.3009: year is out of scope [0..3000], , 
Apr 24, 2025 1:14:47 PM pr2.a04.Date logMessage
SEVERE: falsches  Datum: 31.04.2009: day is out of scope[1..31]
Apr 24, 2025 1:14:47 PM pr2.a04.Date logMessage
SEVERE: falsches  Datum: 30.02.2009: day is out of scope[1..31]
Apr 24, 2025 1:18:27 PM pr2.a04.Date logMessage
SEVERE: falsches  Datum: 41.10.3001: year is out of scope [0..3000], , day is out of scope[1..31]
Apr 24, 2025 1:18:27 PM pr2.a04.Date logMessage
SEVERE: falsches  Datum: 07.07.3009: year is out of scope [0..3000], , 
Apr 24, 2025 1:18:27 PM pr2.a04.Date logMessage
SEVERE: falsches  Datum: 31.04.2009: day is out of scope[1..31]
Apr 24, 2025 1:18:27 PM pr2.a04.Date logMessage
SEVERE: falsches  Datum: 30.02.2009: day is out of scope[1..31]
Apr 24, 2025 1:18:27 PM pr2.a04.Date logMessage
SEVERE: falsches  Datum: 15.13.2009: month is out of scope [1..12]
Apr 24, 2025 1:18:27 PM pr2.a04.Date logMessage
SEVERE: falsches  Datum: 00.01.2009: day is out of scope[1..31]
Apr 24, 2025 1:20:09 PM pr2.a04.Date logMessage
SEVERE: falsches  Datum: 41.10.3001: year is out of scope [0..3000], day is out of scope[1..31]
Apr 24, 2025 1:20:09 PM pr2.a04.Date logMessage
SEVERE: falsches  Datum: 07.07.3009: year is out of scope [0..3000], 
Apr 24, 2025 1:20:09 PM pr2.a04.Date logMessage
SEVERE: falsches  Datum: 31.04.2009: day is out of scope[1..31]
Apr 24, 2025 1:20:09 PM pr2.a04.Date logMessage
SEVERE: falsches  Datum: 30.02.2009: day is out of scope[1..31]
Apr 24, 2025 1:20:09 PM pr2.a04.Date logMessage
SEVERE: falsches  Datum: 15.13.2009: month is out of scope [1..12], 
Apr 24, 2025 1:20:09 PM pr2.a04.Date logMessage
SEVERE: falsches  Datum: 00.01.2009: day is out of scope[1..31]
Apr 24, 2025 1:21:18 PM pr2.a04.Date logMessage
SEVERE: falsches  Datum: 41.10.3001: year is out of scope [0..3000], , day is out of scope[1..31]
Apr 24, 2025 1:21:18 PM pr2.a04.Date logMessage
SEVERE: falsches  Datum: 07.07.3009: year is out of scope [0..3000]
Apr 24, 2025 1:21:18 PM pr2.a04.Date logMessage
SEVERE: falsches  Datum: 31.04.2009: , , day is out of scope[1..31]
Apr 24, 2025 1:21:18 PM pr2.a04.Date logMessage
SEVERE: falsches  Datum: 30.02.2009: , , day is out of scope[1..31]
Apr 24, 2025 1:21:18 PM pr2.a04.Date logMessage
SEVERE: falsches  Datum: 15.13.2009: , month is out of scope [1..12]
Apr 24, 2025 1:21:18 PM pr2.a04.Date logMessage
SEVERE: falsches  Datum: 00.01.2009: , , day is out of scope[1..31]
Apr 24, 2025 1:23:30 PM pr2.a04.Date logMessage
SEVERE: falsches  Datum: 41.10.3001: year is out of scope [0..3000], , day is out of scope[1..31]
Apr 24, 2025 1:23:30 PM pr2.a04.Date logMessage
SEVERE: falsches  Datum: 07.07.3009: year is out of scope [0..3000]
Apr 24, 2025 1:23:30 PM pr2.a04.Date logMessage
SEVERE: falsches  Datum: 31.04.2009: , , day is out of scope[1..31]
Apr 24, 2025 1:23:30 PM pr2.a04.Date logMessage
SEVERE: falsches  Datum: 30.02.2009: , , day is out of scope[1..31]
Apr 24, 2025 1:23:30 PM pr2.a04.Date logMessage
SEVERE: falsches  Datum: 15.13.2009: , month is out of scope [1..12]
Apr 24, 2025 1:23:30 PM pr2.a04.Date logMessage
SEVERE: falsches  Datum: 00.01.2009: , , day is out of scope[1..31]
Apr 24, 2025 1:27:06 PM pr2.a04.Date logMessage
SEVERE: falsches  Datum: 41.10.3001: year is out of scope [0..3000], day is out of scope[1..31]
Apr 24, 2025 1:27:06 PM pr2.a04.Date logMessage
SEVERE: falsches  Datum: 07.07.3009: year is out of scope [0..3000]
Apr 24, 2025 1:27:06 PM pr2.a04.Date logMessage
SEVERE: falsches  Datum: 31.04.2009: , day is out of scope[1..31]
Apr 24, 2025 1:27:06 PM pr2.a04.Date logMessage
SEVERE: falsches  Datum: 30.02.2009: , day is out of scope[1..31]
Apr 24, 2025 1:27:06 PM pr2.a04.Date logMessage
SEVERE: falsches  Datum: 15.13.2009: , month is out of scope [1..12]
Apr 24, 2025 1:27:06 PM pr2.a04.Date logMessage
SEVERE: falsches  Datum: 00.01.2009: , day is out of scope[1..31]
Apr 24, 2025 1:27:57 PM pr2.a04.Date logMessage
SEVERE: falsches  Datum: 41.10.3001: year is out of scope [0..3000], day is out of scope[1..31]
Apr 24, 2025 1:27:57 PM pr2.a04.Date logMessage
SEVERE: falsches  Datum: 07.07.3009: year is out of scope [0..3000]
Apr 24, 2025 1:27:57 PM pr2.a04.Date logMessage
SEVERE: falsches  Datum: 31.04.2009: , day is out of scope[1..31]
Apr 24, 2025 1:27:57 PM pr2.a04.Date logMessage
SEVERE: falsches  Datum: 30.02.2009: , day is out of scope[1..31]
Apr 24, 2025 1:27:57 PM pr2.a04.Date logMessage
SEVERE: falsches  Datum: 15.13.2009: month is out of scope [1..12]
Apr 24, 2025 1:27:57 PM pr2.a04.Date logMessage
SEVERE: falsches  Datum: 00.01.2009: , day is out of scope[1..31]
Apr 24, 2025 1:29:00 PM pr2.a04.Date logMessage
SEVERE: falsches  Datum: 41.10.3001: year is out of scope [0..3000], day is out of scope[1..31]
Apr 24, 2025 1:29:00 PM pr2.a04.Date logMessage
SEVERE: falsches  Datum: 07.07.3009: year is out of scope [0..3000]
Apr 24, 2025 1:29:00 PM pr2.a04.Date logMessage
SEVERE: falsches  Datum: 31.04.2009: day is out of scope[1..31]
Apr 24, 2025 1:29:00 PM pr2.a04.Date logMessage
SEVERE: falsches  Datum: 30.02.2009: day is out of scope[1..31]
Apr 24, 2025 1:29:00 PM pr2.a04.Date logMessage
SEVERE: falsches  Datum: 15.13.2009: month is out of scope [1..12]
Apr 24, 2025 1:29:00 PM pr2.a04.Date logMessage
SEVERE: falsches  Datum: 00.01.2009: day is out of scope[1..31]
Apr 24, 2025 1:29:34 PM pr2.a04.Date logMessage
SEVERE: falsches  Datum: 41.10.3001: year is out of scope [0..3000], day is out of scope[1..31]
Apr 24, 2025 1:29:34 PM pr2.a04.Date logMessage
SEVERE: falsches  Datum: 07.07.3009: year is out of scope [0..3000]
Apr 24, 2025 1:29:34 PM pr2.a04.Date logMessage
SEVERE: falsches  Datum: 32.14.2009: month is out of scope [1..12], day is out of scope[1..31]
Apr 24, 2025 1:29:34 PM pr2.a04.Date logMessage
SEVERE: falsches  Datum: 30.02.2009: day is out of scope[1..31]
Apr 24, 2025 1:29:34 PM pr2.a04.Date logMessage
SEVERE: falsches  Datum: 15.13.2009: month is out of scope [1..12]
Apr 24, 2025 1:29:34 PM pr2.a04.Date logMessage
SEVERE: falsches  Datum: 00.01.2009: day is out of scope[1..31]
Apr 24, 2025 1:38:45 PM pr2.a04.Date logMessage
SEVERE: falsches  Datum: 41.10.3001: year is out of scope [0..3000], day is out of scope[1..31]
Apr 24, 2025 1:38:45 PM pr2.a04.Date logMessage
FINER: korrektes Datum: 22.01.2001
Apr 24, 2025 1:38:45 PM pr2.a04.Date logMessage
SEVERE: falsches  Datum: 07.07.3009: year is out of scope [0..3000]
