<?xml version="1.0" encoding="UTF-8" standalone="no"?>
<!DOCTYPE log SYSTEM "logger.dtd">
<log>
<record>
  <date>2025-04-24T10:33:40.969006703Z</date>
  <millis>1745490820969</millis>
  <nanos>6703</nanos>
  <sequence>9</sequence>
  <logger>triangleLogger</logger>
  <level>FINEST</level>
  <class>pr2.a03.Test.TriangleWithLoggingDemo</class>
  <method>triangleLine</method>
  <thread>1</thread>
  <message>appending *</message>
</record>
<record>
  <date>2025-04-24T10:33:40.976457156Z</date>
  <millis>1745490820976</millis>
  <nanos>457156</nanos>
  <sequence>10</sequence>
  <logger>triangleLogger</logger>
  <level>FINEST</level>
  <class>pr2.a03.Test.TriangleWithLoggingDemo</class>
  <method>triangleLine</method>
  <thread>1</thread>
  <message>appending *</message>
</record>
<record>
  <date>2025-04-24T10:33:40.977129291Z</date>
  <millis>1745490820977</millis>
  <nanos>129291</nanos>
  <sequence>11</sequence>
  <logger>triangleLogger</logger>
  <level>FINER</level>
  <class>pr2.a03.Test.TriangleWithLoggingDemo</class>
  <method>triangle</method>
  <thread>1</thread>
  <message>appending LINE</message>
</record>
<record>
  <date>2025-04-24T10:33:40.977813472Z</date>
  <millis>1745490820977</millis>
  <nanos>813472</nanos>
  <sequence>12</sequence>
  <logger>triangleLogger</logger>
  <level>FINEST</level>
  <class>pr2.a03.Test.TriangleWithLoggingDemo</class>
  <method>triangleLine</method>
  <thread>1</thread>
  <message>appending *</message>
</record>
<record>
  <date>2025-04-24T10:33:40.978722807Z</date>
  <millis>1745490820978</millis>
  <nanos>722807</nanos>
  <sequence>13</sequence>
  <logger>triangleLogger</logger>
  <level>FINEST</level>
  <class>pr2.a03.Test.TriangleWithLoggingDemo</class>
  <method>triangleLine</method>
  <thread>1</thread>
  <message>appending *</message>
</record>
<record>
  <date>2025-04-24T10:33:40.979591670Z</date>
  <millis>1745490820979</millis>
  <nanos>591670</nanos>
  <sequence>14</sequence>
  <logger>triangleLogger</logger>
  <level>FINEST</level>
  <class>pr2.a03.Test.TriangleWithLoggingDemo</class>
  <method>triangleLine</method>
  <thread>1</thread>
  <message>appending *</message>
</record>
<record>
  <date>2025-04-24T10:33:40.980523697Z</date>
  <millis>1745490820980</millis>
  <nanos>523697</nanos>
  <sequence>15</sequence>
  <logger>triangleLogger</logger>
  <level>FINEST</level>
  <class>pr2.a03.Test.TriangleWithLoggingDemo</class>
  <method>triangleLine</method>
  <thread>1</thread>
  <message>appending *</message>
</record>
<record>
  <date>2025-04-24T10:33:40.981422917Z</date>
  <millis>1745490820981</millis>
  <nanos>422917</nanos>
  <sequence>16</sequence>
  <logger>triangleLogger</logger>
  <level>FINER</level>
  <class>pr2.a03.Test.TriangleWithLoggingDemo</class>
  <method>triangle</method>
  <thread>1</thread>
  <message>appending LINE</message>
</record>
<record>
  <date>2025-04-24T10:33:40.982261430Z</date>
  <millis>1745490820982</millis>
  <nanos>261430</nanos>
  <sequence>17</sequence>
  <logger>triangleLogger</logger>
  <level>FINEST</level>
  <class>pr2.a03.Test.TriangleWithLoggingDemo</class>
  <method>triangleLine</method>
  <thread>1</thread>
  <message>appending *</message>
</record>
<record>
  <date>2025-04-24T10:33:40.983037168Z</date>
  <millis>1745490820983</millis>
  <nanos>37168</nanos>
  <sequence>18</sequence>
  <logger>triangleLogger</logger>
  <level>FINEST</level>
  <class>pr2.a03.Test.TriangleWithLoggingDemo</class>
  <method>triangleLine</method>
  <thread>1</thread>
  <message>appending *</message>
</record>
<record>
  <date>2025-04-24T10:33:40.985174739Z</date>
  <millis>1745490820985</millis>
  <nanos>174739</nanos>
  <sequence>19</sequence>
  <logger>triangleLogger</logger>
  <level>FINEST</level>
  <class>pr2.a03.Test.TriangleWithLoggingDemo</class>
  <method>triangleLine</method>
  <thread>1</thread>
  <message>appending *</message>
</record>
<record>
  <date>2025-04-24T10:33:40.987008948Z</date>
  <millis>1745490820987</millis>
  <nanos>8948</nanos>
  <sequence>20</sequence>
  <logger>triangleLogger</logger>
  <level>FINEST</level>
  <class>pr2.a03.Test.TriangleWithLoggingDemo</class>
  <method>triangleLine</method>
  <thread>1</thread>
  <message>appending *</message>
</record>
<record>
  <date>2025-04-24T10:33:40.988056081Z</date>
  <millis>1745490820988</millis>
  <nanos>56081</nanos>
  <sequence>21</sequence>
  <logger>triangleLogger</logger>
  <level>FINEST</level>
  <class>pr2.a03.Test.TriangleWithLoggingDemo</class>
  <method>triangleLine</method>
  <thread>1</thread>
  <message>appending *</message>
</record>
<record>
  <date>2025-04-24T10:33:40.988736648Z</date>
  <millis>1745490820988</millis>
  <nanos>736648</nanos>
  <sequence>22</sequence>
  <logger>triangleLogger</logger>
  <level>FINER</level>
  <class>Logger101</class>
  <method>triangle</method>
  <thread>1</thread>
  <message>RETURN</message>
</record>
<record>
  <date>2025-04-24T10:33:40.992697241Z</date>
  <millis>1745490820992</millis>
  <nanos>697241</nanos>
  <sequence>23</sequence>
  <logger>triangleLogger</logger>
  <level>FINER</level>
  <class>Logger101</class>
  <method>triangle</method>
  <thread>1</thread>
  <message>ENTRY</message>
</record>
<record>
  <date>2025-04-24T10:33:40.993527433Z</date>
  <millis>1745490820993</millis>
  <nanos>527433</nanos>
  <sequence>24</sequence>
  <logger>triangleLogger</logger>
  <level>FINER</level>
  <class>pr2.a03.Test.TriangleWithLoggingDemo</class>
  <method>triangle</method>
  <thread>1</thread>
  <message>appending LINE</message>
</record>
<record>
  <date>2025-04-24T10:33:40.994838638Z</date>
  <millis>1745490820994</millis>
  <nanos>838638</nanos>
  <sequence>25</sequence>
  <logger>triangleLogger</logger>
  <level>FINEST</level>
  <class>pr2.a03.Test.TriangleWithLoggingDemo</class>
  <method>triangleLine</method>
  <thread>1</thread>
  <message>appending *</message>
</record>
<record>
  <date>2025-04-24T10:33:40.995654517Z</date>
  <millis>1745490820995</millis>
  <nanos>654517</nanos>
  <sequence>26</sequence>
  <logger>triangleLogger</logger>
  <level>FINER</level>
  <class>pr2.a03.Test.TriangleWithLoggingDemo</class>
  <method>triangle</method>
  <thread>1</thread>
  <message>appending LINE</message>
</record>
<record>
  <date>2025-04-24T10:33:40.996442992Z</date>
  <millis>1745490820996</millis>
  <nanos>442992</nanos>
  <sequence>27</sequence>
  <logger>triangleLogger</logger>
  <level>FINEST</level>
  <class>pr2.a03.Test.TriangleWithLoggingDemo</class>
  <method>triangleLine</method>
  <thread>1</thread>
  <message>appending *</message>
</record>
<record>
  <date>2025-04-24T10:33:40.997208722Z</date>
  <millis>1745490820997</millis>
  <nanos>208722</nanos>
  <sequence>28</sequence>
  <logger>triangleLogger</logger>
  <level>FINEST</level>
  <class>pr2.a03.Test.TriangleWithLoggingDemo</class>
  <method>triangleLine</method>
  <thread>1</thread>
  <message>appending *</message>
</record>
<record>
  <date>2025-04-24T10:33:40.997988459Z</date>
  <millis>1745490820997</millis>
  <nanos>988459</nanos>
  <sequence>29</sequence>
  <logger>triangleLogger</logger>
  <level>FINER</level>
  <class>pr2.a03.Test.TriangleWithLoggingDemo</class>
  <method>triangle</method>
  <thread>1</thread>
  <message>appending LINE</message>
</record>
<record>
  <date>2025-04-24T10:33:40.998612511Z</date>
  <millis>1745490820998</millis>
  <nanos>612511</nanos>
  <sequence>30</sequence>
  <logger>triangleLogger</logger>
  <level>FINEST</level>
  <class>pr2.a03.Test.TriangleWithLoggingDemo</class>
  <method>triangleLine</method>
  <thread>1</thread>
  <message>appending *</message>
</record>
<record>
  <date>2025-04-24T10:33:40.999241519Z</date>
  <millis>1745490820999</millis>
  <nanos>241519</nanos>
  <sequence>31</sequence>
  <logger>triangleLogger</logger>
  <level>FINEST</level>
  <class>pr2.a03.Test.TriangleWithLoggingDemo</class>
  <method>triangleLine</method>
  <thread>1</thread>
  <message>appending *</message>
</record>
<record>
  <date>2025-04-24T10:33:40.999864613Z</date>
  <millis>1745490820999</millis>
  <nanos>864613</nanos>
  <sequence>32</sequence>
  <logger>triangleLogger</logger>
  <level>FINEST</level>
  <class>pr2.a03.Test.TriangleWithLoggingDemo</class>
  <method>triangleLine</method>
  <thread>1</thread>
  <message>appending *</message>
</record>
<record>
  <date>2025-04-24T10:33:41.000483099Z</date>
  <millis>1745490821000</millis>
  <nanos>483099</nanos>
  <sequence>33</sequence>
  <logger>triangleLogger</logger>
  <level>FINER</level>
  <class>Logger101</class>
  <method>triangle</method>
  <thread>1</thread>
  <message>RETURN</message>
</record>
<record>
  <date>2025-04-24T10:33:41.000881282Z</date>
  <millis>1745490821000</millis>
  <nanos>881282</nanos>
  <sequence>34</sequence>
  <logger>triangleLogger</logger>
  <level>INFO</level>
  <class>pr2.a03.Test.TriangleWithLoggingDemo</class>
  <method>main</method>
  <thread>1</thread>
  <message>finished triangles &gt;&gt; 
 ------------------------ENDE</message>
</record>
</log>
