<?xml version="1.0" encoding="UTF-8" standalone="no"?>
<!DOCTYPE log SYSTEM "logger.dtd">
<log>
<record>
  <date>2025-04-18T08:26:01.253086702Z</date>
  <millis>1744964761253</millis>
  <nanos>86702</nanos>
  <sequence>28</sequence>
  <logger>triangleLogger</logger>
  <level>FINEST</level>
  <class>pr2.a03.Test.TriangleWithLoggingDemo</class>
  <method>triangleLine</method>
  <thread>1</thread>
  <message>appending *</message>
</record>
<record>
  <date>2025-04-18T08:26:01.254200177Z</date>
  <millis>1744964761254</millis>
  <nanos>200177</nanos>
  <sequence>29</sequence>
  <logger>triangleLogger</logger>
  <level>FINER</level>
  <class>pr2.a03.Test.TriangleWithLoggingDemo</class>
  <method>triangle</method>
  <thread>1</thread>
  <message>appending LINE</message>
</record>
<record>
  <date>2025-04-18T08:26:01.255128554Z</date>
  <millis>1744964761255</millis>
  <nanos>128554</nanos>
  <sequence>30</sequence>
  <logger>triangleLogger</logger>
  <level>FINEST</level>
  <class>pr2.a03.Test.TriangleWithLoggingDemo</class>
  <method>triangleLine</method>
  <thread>1</thread>
  <message>appending *</message>
</record>
<record>
  <date>2025-04-18T08:26:01.256106717Z</date>
  <millis>1744964761256</millis>
  <nanos>106717</nanos>
  <sequence>31</sequence>
  <logger>triangleLogger</logger>
  <level>FINEST</level>
  <class>pr2.a03.Test.TriangleWithLoggingDemo</class>
  <method>triangleLine</method>
  <thread>1</thread>
  <message>appending *</message>
</record>
<record>
  <date>2025-04-18T08:26:01.257839697Z</date>
  <millis>1744964761257</millis>
  <nanos>839697</nanos>
  <sequence>32</sequence>
  <logger>triangleLogger</logger>
  <level>FINEST</level>
  <class>pr2.a03.Test.TriangleWithLoggingDemo</class>
  <method>triangleLine</method>
  <thread>1</thread>
  <message>appending *</message>
</record>
<record>
  <date>2025-04-18T08:26:01.258911557Z</date>
  <millis>1744964761258</millis>
  <nanos>911557</nanos>
  <sequence>33</sequence>
  <logger>triangleLogger</logger>
  <level>FINER</level>
  <class>Logger101</class>
  <method>triangle</method>
  <thread>1</thread>
  <message>RETURN</message>
</record>
<record>
  <date>2025-04-18T08:26:01.259551492Z</date>
  <millis>1744964761259</millis>
  <nanos>551492</nanos>
  <sequence>34</sequence>
  <logger>triangleLogger</logger>
  <level>INFO</level>
  <class>pr2.a03.Test.TriangleWithLoggingDemo</class>
  <method>main</method>
  <thread>1</thread>
  <message>finished triangles &gt;&gt; 
 ------------------------ENDE</message>
</record>
</log>
Apr 18, 2025 10:28:24 AM pr2.a03.DateTest main
WARNING: Message with level warning
Apr 18, 2025 10:28:24 AM pr2.a03.DateTest main
SEVERE: Message with level severe
Apr 18, 2025 10:29:10 AM pr2.a03.DateTest main
WARNING: Message with level warning
Apr 18, 2025 10:29:10 AM pr2.a03.DateTest main
SEVERE: Message with level severe
<?xml version="1.0" encoding="UTF-8" standalone="no"?>
<!DOCTYPE log SYSTEM "logger.dtd">
<log>
<record>
  <date>2025-04-18T09:56:17.852271156Z</date>
  <millis>1744970177852</millis>
  <nanos>271156</nanos>
  <sequence>0</sequence>
  <logger>triangleLogger</logger>
  <level>INFO</level>
  <class>pr2.a03.Test.TriangleWithLoggingDemo</class>
  <method>main</method>
  <thread>1</thread>
  <message>START------------------- 
 &lt;&lt; testing triangles </message>
</record>
<record>
  <date>2025-04-18T09:56:17.928228078Z</date>
  <millis>1744970177928</millis>
  <nanos>228078</nanos>
  <sequence>1</sequence>
  <logger>triangleLogger</logger>
  <level>FINER</level>
  <class>Logger101</class>
  <method>triangle</method>
  <thread>1</thread>
  <message>ENTRY</message>
</record>
<record>
  <date>2025-04-18T09:56:17.928947854Z</date>
  <millis>1744970177928</millis>
  <nanos>947854</nanos>
  <sequence>2</sequence>
  <logger>triangleLogger</logger>
  <level>FINER</level>
  <class>pr2.a03.Test.TriangleWithLoggingDemo</class>
  <method>triangle</method>
  <thread>1</thread>
  <message>appending LINE</message>
</record>
<record>
  <date>2025-04-18T09:56:17.938675727Z</date>
  <millis>1744970177938</millis>
  <nanos>675727</nanos>
  <sequence>3</sequence>
  <logger>triangleLogger</logger>
  <level>FINEST</level>
  <class>pr2.a03.Test.TriangleWithLoggingDemo</class>
  <method>triangleLine</method>
  <thread>1</thread>
  <message>appending *</message>
</record>
<record>
  <date>2025-04-18T09:56:17.940098822Z</date>
  <millis>1744970177940</millis>
  <nanos>98822</nanos>
  <sequence>4</sequence>
  <logger>triangleLogger</logger>
  <level>FINER</level>
  <class>pr2.a03.Test.TriangleWithLoggingDemo</class>
  <method>triangle</method>
  <thread>1</thread>
  <message>appending LINE</message>
</record>
<record>
  <date>2025-04-18T09:56:17.941109424Z</date>
  <millis>1744970177941</millis>
  <nanos>109424</nanos>
  <sequence>5</sequence>
  <logger>triangleLogger</logger>
  <level>FINEST</level>
  <class>pr2.a03.Test.TriangleWithLoggingDemo</class>
  <method>triangleLine</method>
  <thread>1</thread>
  <message>appending *</message>
</record>
<record>
  <date>2025-04-18T09:56:17.942386935Z</date>
  <millis>1744970177942</millis>
  <nanos>386935</nanos>
  <sequence>6</sequence>
  <logger>triangleLogger</logger>
  <level>FINEST</level>
  <class>pr2.a03.Test.TriangleWithLoggingDemo</class>
  <method>triangleLine</method>
  <thread>1</thread>
  <message>appending *</message>
</record>
<record>
  <date>2025-04-18T09:56:17.943319567Z</date>
  <millis>1744970177943</millis>
  <nanos>319567</nanos>
  <sequence>7</sequence>
  <logger>triangleLogger</logger>
  <level>FINER</level>
  <class>pr2.a03.Test.TriangleWithLoggingDemo</class>
  <method>triangle</method>
  <thread>1</thread>
  <message>appending LINE</message>
</record>
<record>
  <date>2025-04-18T09:56:17.944148789Z</date>
  <millis>1744970177944</millis>
  <nanos>148789</nanos>
  <sequence>8</sequence>
  <logger>triangleLogger</logger>
  <level>FINEST</level>
  <class>pr2.a03.Test.TriangleWithLoggingDemo</class>
  <method>triangleLine</method>
  <thread>1</thread>
  <message>appending *</message>
</record>
<record>
  <date>2025-04-18T09:56:17.945039466Z</date>
  <millis>1744970177945</millis>
  <nanos>39466</nanos>
  <sequence>9</sequence>
  <logger>triangleLogger</logger>
  <level>FINEST</level>
  <class>pr2.a03.Test.TriangleWithLoggingDemo</class>
  <method>triangleLine</method>
  <thread>1</thread>
  <message>appending *</message>
</record>
<record>
  <date>2025-04-18T09:56:17.946086572Z</date>
  <millis>1744970177946</millis>
  <nanos>86572</nanos>
  <sequence>10</sequence>
  <logger>triangleLogger</logger>
  <level>FINEST</level>
  <class>pr2.a03.Test.TriangleWithLoggingDemo</class>
  <method>triangleLine</method>
  <thread>1</thread>
  <message>appending *</message>
</record>
<record>
  <date>2025-04-18T09:56:17.947069012Z</date>
  <millis>1744970177947</millis>
  <nanos>69012</nanos>
  <sequence>11</sequence>
  <logger>triangleLogger</logger>
  <level>FINER</level>
  <class>pr2.a03.Test.TriangleWithLoggingDemo</class>
  <method>triangle</method>
  <thread>1</thread>
  <message>appending LINE</message>
</record>
<record>
  <date>2025-04-18T09:56:17.948186225Z</date>
  <millis>1744970177948</millis>
  <nanos>186225</nanos>
  <sequence>12</sequence>
  <logger>triangleLogger</logger>
  <level>FINEST</level>
  <class>pr2.a03.Test.TriangleWithLoggingDemo</class>
  <method>triangleLine</method>
  <thread>1</thread>
  <message>appending *</message>
</record>
<record>
  <date>2025-04-18T09:56:17.949015672Z</date>
  <millis>1744970177949</millis>
  <nanos>15672</nanos>
  <sequence>13</sequence>
  <logger>triangleLogger</logger>
  <level>FINEST</level>
  <class>pr2.a03.Test.TriangleWithLoggingDemo</class>
  <method>triangleLine</method>
  <thread>1</thread>
  <message>appending *</message>
</record>
<record>
  <date>2025-04-18T09:56:17.949733976Z</date>
  <millis>1744970177949</millis>
  <nanos>733976</nanos>
  <sequence>14</sequence>
  <logger>triangleLogger</logger>
  <level>FINEST</level>
  <class>pr2.a03.Test.TriangleWithLoggingDemo</class>
  <method>triangleLine</method>
  <thread>1</thread>
  <message>appending *</message>
</record>
<record>
  <date>2025-04-18T09:56:17.950449897Z</date>
  <millis>1744970177950</millis>
  <nanos>449897</nanos>
  <sequence>15</sequence>
  <logger>triangleLogger</logger>
  <level>FINEST</level>
  <class>pr2.a03.Test.TriangleWithLoggingDemo</class>
  <method>triangleLine</method>
  <thread>1</thread>
  <message>appending *</message>
</record>
<record>
  <date>2025-04-18T09:56:17.951189833Z</date>
  <millis>1744970177951</millis>
  <nanos>189833</nanos>
  <sequence>16</sequence>
  <logger>triangleLogger</logger>
  <level>FINER</level>
  <class>pr2.a03.Test.TriangleWithLoggingDemo</class>
  <method>triangle</method>
  <thread>1</thread>
  <message>appending LINE</message>
</record>
<record>
  <date>2025-04-18T09:56:17.951790943Z</date>
  <millis>1744970177951</millis>
  <nanos>790943</nanos>
  <sequence>17</sequence>
  <logger>triangleLogger</logger>
  <level>FINEST</level>
  <class>pr2.a03.Test.TriangleWithLoggingDemo</class>
  <method>triangleLine</method>
  <thread>1</thread>
  <message>appending *</message>
</record>
<record>
  <date>2025-04-18T09:56:17.952382785Z</date>
  <millis>1744970177952</millis>
  <nanos>382785</nanos>
  <sequence>18</sequence>
  <logger>triangleLogger</logger>
  <level>FINEST</level>
  <class>pr2.a03.Test.TriangleWithLoggingDemo</class>
  <method>triangleLine</method>
  <thread>1</thread>
  <message>appending *</message>
</record>
<record>
  <date>2025-04-18T09:56:17.953048734Z</date>
  <millis>1744970177953</millis>
  <nanos>48734</nanos>
  <sequence>19</sequence>
  <logger>triangleLogger</logger>
  <level>FINEST</level>
  <class>pr2.a03.Test.TriangleWithLoggingDemo</class>
  <method>triangleLine</method>
  <thread>1</thread>
  <message>appending *</message>
</record>
<record>
  <date>2025-04-18T09:56:17.953775499Z</date>
  <millis>1744970177953</millis>
  <nanos>775499</nanos>
  <sequence>20</sequence>
  <logger>triangleLogger</logger>
  <level>FINEST</level>
  <class>pr2.a03.Test.TriangleWithLoggingDemo</class>
  <method>triangleLine</method>
  <thread>1</thread>
  <message>appending *</message>
</record>
</log>
